{"/home/travis/build/kaizhu256/node-puppeteer-lite/test.js":{"path":"/home/travis/build/kaizhu256/node-puppeteer-lite/test.js","s":{"1":2,"2":2,"3":2,"4":2,"5":2,"6":0,"7":0,"8":0,"9":0,"10":0,"11":0,"12":0,"13":0,"14":0,"15":2,"16":2,"17":2,"18":2,"19":2,"20":0,"21":0,"22":0,"23":0,"24":0,"25":2,"26":0,"27":2,"28":0,"29":2,"30":0,"31":2,"32":0,"33":0,"34":0,"35":0,"36":0,"37":2,"38":1,"39":1,"40":1,"41":1,"42":1,"43":1,"44":1,"45":1,"46":1,"47":1,"48":1,"49":1,"50":1,"51":1,"52":1,"53":1,"54":1,"55":1,"56":1,"57":1,"58":1,"59":1,"60":1,"61":1,"62":1,"63":1,"64":1,"65":0,"66":2,"67":2,"68":2,"69":2,"70":2,"71":2,"72":2},"b":{"1":[2,0],"2":[0,2],"3":[2,1,1,1,1],"4":[0,0],"5":[0,0],"6":[0,0,0],"7":[0,0],"8":[0,0],"9":[0,0],"10":[0,0],"11":[0,0],"12":[0,0,0],"13":[0,0],"14":[1,1],"15":[2,2,0],"16":[2,1]},"f":{"1":2,"2":0,"3":0,"4":0,"5":0,"6":0,"7":0,"8":0,"9":0,"10":2,"11":2,"12":2},"fnMap":{"1":{"name":"(anonymous_1)","line":4,"loc":{"start":{"line":4,"column":1},"end":{"line":4,"column":23}},"skip":true},"2":{"name":"(anonymous_2)","line":13,"loc":{"start":{"line":13,"column":41},"end":{"line":13,"column":53}},"skip":true},"3":{"name":"(anonymous_3)","line":42,"loc":{"start":{"line":42,"column":24},"end":{"line":42,"column":51}},"skip":true},"4":{"name":"(anonymous_4)","line":68,"loc":{"start":{"line":68,"column":26},"end":{"line":68,"column":41}},"skip":true},"5":{"name":"(anonymous_5)","line":76,"loc":{"start":{"line":76,"column":21},"end":{"line":76,"column":38}},"skip":true},"6":{"name":"(anonymous_6)","line":82,"loc":{"start":{"line":82,"column":16},"end":{"line":82,"column":28}},"skip":true},"7":{"name":"(anonymous_7)","line":88,"loc":{"start":{"line":88,"column":32},"end":{"line":88,"column":58}},"skip":true},"8":{"name":"(anonymous_8)","line":95,"loc":{"start":{"line":95,"column":42},"end":{"line":95,"column":57}},"skip":true},"9":{"name":"(anonymous_9)","line":136,"loc":{"start":{"line":136,"column":53},"end":{"line":136,"column":65}},"skip":true},"10":{"name":"(anonymous_10)","line":142,"loc":{"start":{"line":142,"column":1},"end":{"line":142,"column":18}}},"11":{"name":"(anonymous_11)","line":148,"loc":{"start":{"line":148,"column":1},"end":{"line":148,"column":13}}},"12":{"name":"(anonymous_12)","line":161,"loc":{"start":{"line":161,"column":1},"end":{"line":161,"column":13}}}},"statementMap":{"1":{"start":{"line":4,"column":0},"end":{"line":138,"column":7},"skip":true},"2":{"start":{"line":6,"column":4},"end":{"line":6,"column":21},"skip":true},"3":{"start":{"line":7,"column":4},"end":{"line":7,"column":14},"skip":true},"4":{"start":{"line":9,"column":4},"end":{"line":9,"column":64},"skip":true},"5":{"start":{"line":11,"column":4},"end":{"line":28,"column":5},"skip":true},"6":{"start":{"line":12,"column":8},"end":{"line":12,"column":37},"skip":true},"7":{"start":{"line":13,"column":8},"end":{"line":27,"column":10},"skip":true},"8":{"start":{"line":18,"column":12},"end":{"line":18,"column":24},"skip":true},"9":{"start":{"line":19,"column":12},"end":{"line":19,"column":44},"skip":true},"10":{"start":{"line":21,"column":12},"end":{"line":21,"column":62},"skip":true},"11":{"start":{"line":22,"column":12},"end":{"line":22,"column":49},"skip":true},"12":{"start":{"line":23,"column":12},"end":{"line":23,"column":49},"skip":true},"13":{"start":{"line":24,"column":12},"end":{"line":24,"column":31},"skip":true},"14":{"start":{"line":26,"column":12},"end":{"line":26,"column":30},"skip":true},"15":{"start":{"line":30,"column":4},"end":{"line":30,"column":15},"skip":true},"16":{"start":{"line":31,"column":4},"end":{"line":31,"column":24},"skip":true},"17":{"start":{"line":32,"column":4},"end":{"line":32,"column":35},"skip":true},"18":{"start":{"line":34,"column":4},"end":{"line":40,"column":6},"skip":true},"19":{"start":{"line":42,"column":4},"end":{"line":67,"column":6},"skip":true},"20":{"start":{"line":46,"column":8},"end":{"line":46,"column":16},"skip":true},"21":{"start":{"line":47,"column":8},"end":{"line":49,"column":9},"skip":true},"22":{"start":{"line":48,"column":12},"end":{"line":48,"column":19},"skip":true},"23":{"start":{"line":50,"column":8},"end":{"line":65,"column":10},"skip":true},"24":{"start":{"line":66,"column":8},"end":{"line":66,"column":18},"skip":true},"25":{"start":{"line":68,"column":4},"end":{"line":75,"column":6},"skip":true},"26":{"start":{"line":74,"column":8},"end":{"line":74,"column":32},"skip":true},"27":{"start":{"line":76,"column":4},"end":{"line":81,"column":6},"skip":true},"28":{"start":{"line":80,"column":8},"end":{"line":80,"column":21},"skip":true},"29":{"start":{"line":82,"column":4},"end":{"line":87,"column":6},"skip":true},"30":{"start":{"line":86,"column":8},"end":{"line":86,"column":15},"skip":true},"31":{"start":{"line":88,"column":4},"end":{"line":105,"column":6},"skip":true},"32":{"start":{"line":94,"column":8},"end":{"line":94,"column":30},"skip":true},"33":{"start":{"line":95,"column":8},"end":{"line":103,"column":11},"skip":true},"34":{"start":{"line":96,"column":12},"end":{"line":102,"column":13},"skip":true},"35":{"start":{"line":101,"column":16},"end":{"line":101,"column":57},"skip":true},"36":{"start":{"line":104,"column":8},"end":{"line":104,"column":22},"skip":true},"37":{"start":{"line":107,"column":4},"end":{"line":135,"column":5},"skip":true},"38":{"start":{"line":108,"column":8},"end":{"line":108,"column":41},"skip":true},"39":{"start":{"line":109,"column":8},"end":{"line":109,"column":41},"skip":true},"40":{"start":{"line":110,"column":8},"end":{"line":110,"column":55},"skip":true},"41":{"start":{"line":111,"column":8},"end":{"line":111,"column":43},"skip":true},"42":{"start":{"line":112,"column":8},"end":{"line":112,"column":41},"skip":true},"43":{"start":{"line":113,"column":8},"end":{"line":113,"column":39},"skip":true},"44":{"start":{"line":114,"column":8},"end":{"line":114,"column":35},"skip":true},"45":{"start":{"line":115,"column":8},"end":{"line":115,"column":41},"skip":true},"46":{"start":{"line":116,"column":8},"end":{"line":116,"column":41},"skip":true},"47":{"start":{"line":117,"column":8},"end":{"line":117,"column":33},"skip":true},"48":{"start":{"line":118,"column":8},"end":{"line":118,"column":37},"skip":true},"49":{"start":{"line":119,"column":8},"end":{"line":119,"column":39},"skip":true},"50":{"start":{"line":120,"column":8},"end":{"line":120,"column":35},"skip":true},"51":{"start":{"line":121,"column":8},"end":{"line":121,"column":33},"skip":true},"52":{"start":{"line":122,"column":8},"end":{"line":122,"column":37},"skip":true},"53":{"start":{"line":123,"column":8},"end":{"line":123,"column":51},"skip":true},"54":{"start":{"line":124,"column":8},"end":{"line":124,"column":45},"skip":true},"55":{"start":{"line":125,"column":8},"end":{"line":125,"column":37},"skip":true},"56":{"start":{"line":126,"column":8},"end":{"line":126,"column":41},"skip":true},"57":{"start":{"line":127,"column":8},"end":{"line":127,"column":57},"skip":true},"58":{"start":{"line":128,"column":8},"end":{"line":128,"column":41},"skip":true},"59":{"start":{"line":129,"column":8},"end":{"line":129,"column":35},"skip":true},"60":{"start":{"line":130,"column":8},"end":{"line":130,"column":35},"skip":true},"61":{"start":{"line":131,"column":8},"end":{"line":131,"column":35},"skip":true},"62":{"start":{"line":132,"column":8},"end":{"line":132,"column":37},"skip":true},"63":{"start":{"line":133,"column":8},"end":{"line":133,"column":33},"skip":true},"64":{"start":{"line":134,"column":8},"end":{"line":134,"column":37},"skip":true},"65":{"start":{"line":137,"column":4},"end":{"line":137,"column":37},"skip":true},"66":{"start":{"line":142,"column":0},"end":{"line":164,"column":5}},"67":{"start":{"line":148,"column":0},"end":{"line":156,"column":5}},"68":{"start":{"line":150,"column":0},"end":{"line":152,"column":18}},"69":{"start":{"line":153,"column":0},"end":{"line":153,"column":25}},"70":{"start":{"line":155,"column":0},"end":{"line":155,"column":28}},"71":{"start":{"line":161,"column":0},"end":{"line":163,"column":5}},"72":{"start":{"line":162,"column":0},"end":{"line":162,"column":7}}},"branchMap":{"1":{"line":9,"type":"binary-expr","locations":[{"start":{"line":9,"column":28},"end":{"line":9,"column":49},"skip":true},{"start":{"line":9,"column":53},"end":{"line":9,"column":63},"skip":true}]},"2":{"line":11,"type":"if","locations":[{"start":{"line":11,"column":4},"end":{"line":11,"column":4},"skip":true},{"start":{"line":11,"column":4},"end":{"line":11,"column":4},"skip":true}]},"3":{"line":35,"type":"binary-expr","locations":[{"start":{"line":35,"column":8},"end":{"line":35,"column":34},"skip":true},{"start":{"line":36,"column":11},"end":{"line":36,"column":32},"skip":true},{"start":{"line":37,"column":11},"end":{"line":37,"column":54},"skip":true},{"start":{"line":38,"column":11},"end":{"line":38,"column":26},"skip":true},{"start":{"line":39,"column":11},"end":{"line":39,"column":62},"skip":true}]},"4":{"line":47,"type":"if","locations":[{"start":{"line":47,"column":8},"end":{"line":47,"column":8},"skip":true},{"start":{"line":47,"column":8},"end":{"line":47,"column":8},"skip":true}]},"5":{"line":51,"type":"cond-expr","locations":[{"start":{"line":57,"column":14},"end":{"line":57,"column":21},"skip":true},{"start":{"line":58,"column":14},"end":{"line":64,"column":13},"skip":true}]},"6":{"line":52,"type":"binary-expr","locations":[{"start":{"line":52,"column":16},"end":{"line":52,"column":23},"skip":true},{"start":{"line":53,"column":19},"end":{"line":53,"column":54},"skip":true},{"start":{"line":54,"column":19},"end":{"line":54,"column":52},"skip":true}]},"7":{"line":59,"type":"cond-expr","locations":[{"start":{"line":61,"column":18},"end":{"line":61,"column":25},"skip":true},{"start":{"line":63,"column":18},"end":{"line":63,"column":50},"skip":true}]},"8":{"line":74,"type":"binary-expr","locations":[{"start":{"line":74,"column":15},"end":{"line":74,"column":18},"skip":true},{"start":{"line":74,"column":22},"end":{"line":74,"column":31},"skip":true}]},"9":{"line":94,"type":"binary-expr","locations":[{"start":{"line":94,"column":17},"end":{"line":94,"column":23},"skip":true},{"start":{"line":94,"column":27},"end":{"line":94,"column":29},"skip":true}]},"10":{"line":95,"type":"binary-expr","locations":[{"start":{"line":95,"column":20},"end":{"line":95,"column":26},"skip":true},{"start":{"line":95,"column":30},"end":{"line":95,"column":32},"skip":true}]},"11":{"line":96,"type":"if","locations":[{"start":{"line":96,"column":12},"end":{"line":96,"column":12},"skip":true},{"start":{"line":96,"column":12},"end":{"line":96,"column":12},"skip":true}]},"12":{"line":97,"type":"binary-expr","locations":[{"start":{"line":97,"column":16},"end":{"line":97,"column":36},"skip":true},{"start":{"line":98,"column":19},"end":{"line":98,"column":44},"skip":true},{"start":{"line":99,"column":19},"end":{"line":99,"column":37},"skip":true}]},"13":{"line":101,"type":"binary-expr","locations":[{"start":{"line":101,"column":30},"end":{"line":101,"column":41},"skip":true},{"start":{"line":101,"column":45},"end":{"line":101,"column":56},"skip":true}]},"14":{"line":107,"type":"if","locations":[{"start":{"line":107,"column":4},"end":{"line":107,"column":4},"skip":true},{"start":{"line":107,"column":4},"end":{"line":107,"column":4},"skip":true}]},"15":{"line":136,"type":"binary-expr","locations":[{"start":{"line":136,"column":3},"end":{"line":136,"column":33},"skip":true},{"start":{"line":136,"column":37},"end":{"line":136,"column":47},"skip":true},{"start":{"line":136,"column":53},"end":{"line":138,"column":3},"skip":true}]},"16":{"line":151,"type":"binary-expr","locations":[{"start":{"line":151,"column":4},"end":{"line":151,"column":23}},{"start":{"line":151,"column":27},"end":{"line":151,"column":46}}]}},"code":["/* istanbul instrument in package puppeteer_lite */","/* istanbul ignore next */","/* jslint utility2:true */","(function (globalThis) {","    \"use strict\";","    var consoleError;","    var local;","    // init globalThis","    globalThis.globalThis = globalThis.globalThis || globalThis;","    // init debug_inline","    if (!globalThis[\"debug\\u0049nline\"]) {","        consoleError = console.error;","        globalThis[\"debug\\u0049nline\"] = function () {","        /*","         * this function will both print <arguments> to stderr","         * and return <arguments>[0]","         */","            var argList;","            argList = Array.from(arguments); // jslint ignore:line","            // debug arguments","            globalThis[\"debug\\u0049nlineArguments\"] = argList;","            consoleError(\"\\n\\ndebug\\u0049nline\");","            consoleError.apply(console, argList);","            consoleError(\"\\n\");","            // return arg0 for inspection","            return argList[0];","        };","    }","    // init local","    local = {};","    local.local = local;","    globalThis.globalLocal = local;","    // init isBrowser","    local.isBrowser = (","        typeof window === \"object\"","        && window === globalThis","        && typeof window.XMLHttpRequest === \"function\"","        && window.document","        && typeof window.document.querySelector === \"function\"","    );","    // init function","    local.assertThrow = function (passed, message) {","    /*","     * this function will throw err.<message> if <passed> is falsy","     */","        var err;","        if (passed) {","            return;","        }","        err = (","            (","                message","                && typeof message.message === \"string\"","                && typeof message.stack === \"string\"","            )","            // if message is errObj, then leave as is","            ? message","            : new Error(","                typeof message === \"string\"","                // if message is a string, then leave as is","                ? message","                // else JSON.stringify message","                : JSON.stringify(message, null, 4)","            )","        );","        throw err;","    };","    local.functionOrNop = function (fnc) {","    /*","     * this function will if <fnc> exists,","     * them return <fnc>,","     * else return <nop>","     */","        return fnc || local.nop;","    };","    local.identity = function (value) {","    /*","     * this function will return <value>","     */","        return value;","    };","    local.nop = function () {","    /*","     * this function will do nothing","     */","        return;","    };","    local.objectAssignDefault = function (target, source) {","    /*","     * this function will if items from <target> are","     * null, undefined, or empty-string,","     * then overwrite them with items from <source>","     */","        target = target || {};","        Object.keys(source || {}).forEach(function (key) {","            if (","                target[key] === null","                || target[key] === undefined","                || target[key] === \"\"","            ) {","                target[key] = target[key] || source[key];","            }","        });","        return target;","    };","    // require builtin","    if (!local.isBrowser) {","        local.assert = require(\"assert\");","        local.buffer = require(\"buffer\");","        local.child_process = require(\"child_process\");","        local.cluster = require(\"cluster\");","        local.crypto = require(\"crypto\");","        local.dgram = require(\"dgram\");","        local.dns = require(\"dns\");","        local.domain = require(\"domain\");","        local.events = require(\"events\");","        local.fs = require(\"fs\");","        local.http = require(\"http\");","        local.https = require(\"https\");","        local.net = require(\"net\");","        local.os = require(\"os\");","        local.path = require(\"path\");","        local.querystring = require(\"querystring\");","        local.readline = require(\"readline\");","        local.repl = require(\"repl\");","        local.stream = require(\"stream\");","        local.string_decoder = require(\"string_decoder\");","        local.timers = require(\"timers\");","        local.tls = require(\"tls\");","        local.tty = require(\"tty\");","        local.url = require(\"url\");","        local.util = require(\"util\");","        local.vm = require(\"vm\");","        local.zlib = require(\"zlib\");","    }","}((typeof globalThis === \"object\" && globalThis) || (function () {","    return Function(\"return this\")(); // jslint ignore:line","}())));","","","","(function (local) {","\"use strict\";","","","","// run shared js-env code - init-before","(function () {","// init local","local = (","    globalThis.utility2 || require(\"utility2\")",").requireReadme();","globalThis.local = local;","// init test","local.testRunDefault(local);","}());","","","","// run shared js-env code - function","(function () {","return;","}());","}());",""],"l":{"4":2,"6":2,"7":2,"9":2,"11":2,"12":1,"13":1,"18":1,"19":1,"21":1,"22":1,"23":1,"24":1,"26":1,"30":2,"31":2,"32":2,"34":2,"42":2,"46":1,"47":1,"48":1,"50":1,"66":1,"68":2,"74":1,"76":2,"80":1,"82":2,"86":1,"88":2,"94":1,"95":1,"96":1,"101":1,"104":1,"107":2,"108":1,"109":1,"110":1,"111":1,"112":1,"113":1,"114":1,"115":1,"116":1,"117":1,"118":1,"119":1,"120":1,"121":1,"122":1,"123":1,"124":1,"125":1,"126":1,"127":1,"128":1,"129":1,"130":1,"131":1,"132":1,"133":1,"134":1,"137":1,"142":2,"148":2,"150":2,"153":2,"155":2,"161":2,"162":2}},"/home/travis/build/kaizhu256/node-puppeteer-lite/lib.puppeteer_lite.js":{"path":"/home/travis/build/kaizhu256/node-puppeteer-lite/lib.puppeteer_lite.js","s":{"1":2,"2":2,"3":2,"4":2,"5":2,"6":0,"7":0,"8":0,"9":0,"10":0,"11":0,"12":0,"13":0,"14":0,"15":2,"16":2,"17":2,"18":2,"19":2,"20":0,"21":0,"22":0,"23":0,"24":0,"25":2,"26":0,"27":2,"28":0,"29":2,"30":0,"31":2,"32":1,"33":1,"34":9,"35":9,"36":1,"37":2,"38":1,"39":1,"40":1,"41":1,"42":1,"43":1,"44":1,"45":1,"46":1,"47":1,"48":1,"49":1,"50":1,"51":1,"52":1,"53":1,"54":1,"55":1,"56":1,"57":1,"58":1,"59":1,"60":1,"61":1,"62":1,"63":1,"64":1,"65":0,"66":2,"67":2,"68":2,"69":2,"70":1,"71":1,"72":1,"73":2,"74":2},"b":{"1":[2,0],"2":[0,2],"3":[2,1,1,1,1],"4":[0,0],"5":[0,0],"6":[0,0,0],"7":[0,0],"8":[0,0],"9":[1,0],"10":[1,0],"11":[9,0],"12":[9,9,0],"13":[9,9],"14":[1,1],"15":[2,2,0],"16":[2,2],"17":[1,1]},"f":{"1":2,"2":0,"3":0,"4":0,"5":0,"6":0,"7":1,"8":9,"9":0,"10":2,"11":2},"fnMap":{"1":{"name":"(anonymous_1)","line":14,"loc":{"start":{"line":14,"column":1},"end":{"line":14,"column":23}},"skip":true},"2":{"name":"(anonymous_2)","line":23,"loc":{"start":{"line":23,"column":41},"end":{"line":23,"column":53}},"skip":true},"3":{"name":"(anonymous_3)","line":52,"loc":{"start":{"line":52,"column":24},"end":{"line":52,"column":51}},"skip":true},"4":{"name":"(anonymous_4)","line":78,"loc":{"start":{"line":78,"column":26},"end":{"line":78,"column":41}},"skip":true},"5":{"name":"(anonymous_5)","line":86,"loc":{"start":{"line":86,"column":21},"end":{"line":86,"column":38}},"skip":true},"6":{"name":"(anonymous_6)","line":92,"loc":{"start":{"line":92,"column":16},"end":{"line":92,"column":28}},"skip":true},"7":{"name":"(anonymous_7)","line":98,"loc":{"start":{"line":98,"column":32},"end":{"line":98,"column":58}},"skip":true},"8":{"name":"(anonymous_8)","line":105,"loc":{"start":{"line":105,"column":42},"end":{"line":105,"column":57}},"skip":true},"9":{"name":"(anonymous_9)","line":146,"loc":{"start":{"line":146,"column":53},"end":{"line":146,"column":65}},"skip":true},"10":{"name":"(anonymous_10)","line":152,"loc":{"start":{"line":152,"column":1},"end":{"line":152,"column":18}}},"11":{"name":"(anonymous_11)","line":159,"loc":{"start":{"line":159,"column":1},"end":{"line":159,"column":13}},"skip":true}},"statementMap":{"1":{"start":{"line":14,"column":0},"end":{"line":148,"column":7},"skip":true},"2":{"start":{"line":16,"column":4},"end":{"line":16,"column":21},"skip":true},"3":{"start":{"line":17,"column":4},"end":{"line":17,"column":14},"skip":true},"4":{"start":{"line":19,"column":4},"end":{"line":19,"column":64},"skip":true},"5":{"start":{"line":21,"column":4},"end":{"line":38,"column":5},"skip":true},"6":{"start":{"line":22,"column":8},"end":{"line":22,"column":37},"skip":true},"7":{"start":{"line":23,"column":8},"end":{"line":37,"column":10},"skip":true},"8":{"start":{"line":28,"column":12},"end":{"line":28,"column":24},"skip":true},"9":{"start":{"line":29,"column":12},"end":{"line":29,"column":44},"skip":true},"10":{"start":{"line":31,"column":12},"end":{"line":31,"column":62},"skip":true},"11":{"start":{"line":32,"column":12},"end":{"line":32,"column":49},"skip":true},"12":{"start":{"line":33,"column":12},"end":{"line":33,"column":49},"skip":true},"13":{"start":{"line":34,"column":12},"end":{"line":34,"column":31},"skip":true},"14":{"start":{"line":36,"column":12},"end":{"line":36,"column":30},"skip":true},"15":{"start":{"line":40,"column":4},"end":{"line":40,"column":15},"skip":true},"16":{"start":{"line":41,"column":4},"end":{"line":41,"column":24},"skip":true},"17":{"start":{"line":42,"column":4},"end":{"line":42,"column":35},"skip":true},"18":{"start":{"line":44,"column":4},"end":{"line":50,"column":6},"skip":true},"19":{"start":{"line":52,"column":4},"end":{"line":77,"column":6},"skip":true},"20":{"start":{"line":56,"column":8},"end":{"line":56,"column":16},"skip":true},"21":{"start":{"line":57,"column":8},"end":{"line":59,"column":9},"skip":true},"22":{"start":{"line":58,"column":12},"end":{"line":58,"column":19},"skip":true},"23":{"start":{"line":60,"column":8},"end":{"line":75,"column":10},"skip":true},"24":{"start":{"line":76,"column":8},"end":{"line":76,"column":18},"skip":true},"25":{"start":{"line":78,"column":4},"end":{"line":85,"column":6},"skip":true},"26":{"start":{"line":84,"column":8},"end":{"line":84,"column":32},"skip":true},"27":{"start":{"line":86,"column":4},"end":{"line":91,"column":6},"skip":true},"28":{"start":{"line":90,"column":8},"end":{"line":90,"column":21},"skip":true},"29":{"start":{"line":92,"column":4},"end":{"line":97,"column":6},"skip":true},"30":{"start":{"line":96,"column":8},"end":{"line":96,"column":15},"skip":true},"31":{"start":{"line":98,"column":4},"end":{"line":115,"column":6},"skip":true},"32":{"start":{"line":104,"column":8},"end":{"line":104,"column":30},"skip":true},"33":{"start":{"line":105,"column":8},"end":{"line":113,"column":11},"skip":true},"34":{"start":{"line":106,"column":12},"end":{"line":112,"column":13},"skip":true},"35":{"start":{"line":111,"column":16},"end":{"line":111,"column":57},"skip":true},"36":{"start":{"line":114,"column":8},"end":{"line":114,"column":22},"skip":true},"37":{"start":{"line":117,"column":4},"end":{"line":145,"column":5},"skip":true},"38":{"start":{"line":118,"column":8},"end":{"line":118,"column":41},"skip":true},"39":{"start":{"line":119,"column":8},"end":{"line":119,"column":41},"skip":true},"40":{"start":{"line":120,"column":8},"end":{"line":120,"column":55},"skip":true},"41":{"start":{"line":121,"column":8},"end":{"line":121,"column":43},"skip":true},"42":{"start":{"line":122,"column":8},"end":{"line":122,"column":41},"skip":true},"43":{"start":{"line":123,"column":8},"end":{"line":123,"column":39},"skip":true},"44":{"start":{"line":124,"column":8},"end":{"line":124,"column":35},"skip":true},"45":{"start":{"line":125,"column":8},"end":{"line":125,"column":41},"skip":true},"46":{"start":{"line":126,"column":8},"end":{"line":126,"column":41},"skip":true},"47":{"start":{"line":127,"column":8},"end":{"line":127,"column":33},"skip":true},"48":{"start":{"line":128,"column":8},"end":{"line":128,"column":37},"skip":true},"49":{"start":{"line":129,"column":8},"end":{"line":129,"column":39},"skip":true},"50":{"start":{"line":130,"column":8},"end":{"line":130,"column":35},"skip":true},"51":{"start":{"line":131,"column":8},"end":{"line":131,"column":33},"skip":true},"52":{"start":{"line":132,"column":8},"end":{"line":132,"column":37},"skip":true},"53":{"start":{"line":133,"column":8},"end":{"line":133,"column":51},"skip":true},"54":{"start":{"line":134,"column":8},"end":{"line":134,"column":45},"skip":true},"55":{"start":{"line":135,"column":8},"end":{"line":135,"column":37},"skip":true},"56":{"start":{"line":136,"column":8},"end":{"line":136,"column":41},"skip":true},"57":{"start":{"line":137,"column":8},"end":{"line":137,"column":57},"skip":true},"58":{"start":{"line":138,"column":8},"end":{"line":138,"column":41},"skip":true},"59":{"start":{"line":139,"column":8},"end":{"line":139,"column":35},"skip":true},"60":{"start":{"line":140,"column":8},"end":{"line":140,"column":35},"skip":true},"61":{"start":{"line":141,"column":8},"end":{"line":141,"column":35},"skip":true},"62":{"start":{"line":142,"column":8},"end":{"line":142,"column":37},"skip":true},"63":{"start":{"line":143,"column":8},"end":{"line":143,"column":33},"skip":true},"64":{"start":{"line":144,"column":8},"end":{"line":144,"column":37},"skip":true},"65":{"start":{"line":147,"column":4},"end":{"line":147,"column":37},"skip":true},"66":{"start":{"line":152,"column":0},"end":{"line":182,"column":5}},"67":{"start":{"line":159,"column":0},"end":{"line":181,"column":5},"skip":true},"68":{"start":{"line":161,"column":0},"end":{"line":166,"column":2},"skip":true},"69":{"start":{"line":168,"column":0},"end":{"line":173,"column":1},"skip":true},"70":{"start":{"line":169,"column":4},"end":{"line":169,"column":47},"skip":true},"71":{"start":{"line":171,"column":4},"end":{"line":171,"column":27},"skip":true},"72":{"start":{"line":172,"column":4},"end":{"line":172,"column":41},"skip":true},"73":{"start":{"line":175,"column":0},"end":{"line":175,"column":29},"skip":true},"74":{"start":{"line":180,"column":0},"end":{"line":180,"column":7},"skip":true}},"branchMap":{"1":{"line":19,"type":"binary-expr","locations":[{"start":{"line":19,"column":28},"end":{"line":19,"column":49},"skip":true},{"start":{"line":19,"column":53},"end":{"line":19,"column":63},"skip":true}]},"2":{"line":21,"type":"if","locations":[{"start":{"line":21,"column":4},"end":{"line":21,"column":4},"skip":true},{"start":{"line":21,"column":4},"end":{"line":21,"column":4},"skip":true}]},"3":{"line":45,"type":"binary-expr","locations":[{"start":{"line":45,"column":8},"end":{"line":45,"column":34},"skip":true},{"start":{"line":46,"column":11},"end":{"line":46,"column":32},"skip":true},{"start":{"line":47,"column":11},"end":{"line":47,"column":54},"skip":true},{"start":{"line":48,"column":11},"end":{"line":48,"column":26},"skip":true},{"start":{"line":49,"column":11},"end":{"line":49,"column":62},"skip":true}]},"4":{"line":57,"type":"if","locations":[{"start":{"line":57,"column":8},"end":{"line":57,"column":8},"skip":true},{"start":{"line":57,"column":8},"end":{"line":57,"column":8},"skip":true}]},"5":{"line":61,"type":"cond-expr","locations":[{"start":{"line":67,"column":14},"end":{"line":67,"column":21},"skip":true},{"start":{"line":68,"column":14},"end":{"line":74,"column":13},"skip":true}]},"6":{"line":62,"type":"binary-expr","locations":[{"start":{"line":62,"column":16},"end":{"line":62,"column":23},"skip":true},{"start":{"line":63,"column":19},"end":{"line":63,"column":54},"skip":true},{"start":{"line":64,"column":19},"end":{"line":64,"column":52},"skip":true}]},"7":{"line":69,"type":"cond-expr","locations":[{"start":{"line":71,"column":18},"end":{"line":71,"column":25},"skip":true},{"start":{"line":73,"column":18},"end":{"line":73,"column":50},"skip":true}]},"8":{"line":84,"type":"binary-expr","locations":[{"start":{"line":84,"column":15},"end":{"line":84,"column":18},"skip":true},{"start":{"line":84,"column":22},"end":{"line":84,"column":31},"skip":true}]},"9":{"line":104,"type":"binary-expr","locations":[{"start":{"line":104,"column":17},"end":{"line":104,"column":23},"skip":true},{"start":{"line":104,"column":27},"end":{"line":104,"column":29},"skip":true}]},"10":{"line":105,"type":"binary-expr","locations":[{"start":{"line":105,"column":20},"end":{"line":105,"column":26},"skip":true},{"start":{"line":105,"column":30},"end":{"line":105,"column":32},"skip":true}]},"11":{"line":106,"type":"if","locations":[{"start":{"line":106,"column":12},"end":{"line":106,"column":12},"skip":true},{"start":{"line":106,"column":12},"end":{"line":106,"column":12},"skip":true}]},"12":{"line":107,"type":"binary-expr","locations":[{"start":{"line":107,"column":16},"end":{"line":107,"column":36},"skip":true},{"start":{"line":108,"column":19},"end":{"line":108,"column":44},"skip":true},{"start":{"line":109,"column":19},"end":{"line":109,"column":37},"skip":true}]},"13":{"line":111,"type":"binary-expr","locations":[{"start":{"line":111,"column":30},"end":{"line":111,"column":41},"skip":true},{"start":{"line":111,"column":45},"end":{"line":111,"column":56},"skip":true}]},"14":{"line":117,"type":"if","locations":[{"start":{"line":117,"column":4},"end":{"line":117,"column":4},"skip":true},{"start":{"line":117,"column":4},"end":{"line":117,"column":4},"skip":true}]},"15":{"line":146,"type":"binary-expr","locations":[{"start":{"line":146,"column":3},"end":{"line":146,"column":33},"skip":true},{"start":{"line":146,"column":37},"end":{"line":146,"column":47},"skip":true},{"start":{"line":146,"column":53},"end":{"line":148,"column":3},"skip":true}]},"16":{"line":162,"type":"binary-expr","locations":[{"start":{"line":162,"column":4},"end":{"line":162,"column":30},"skip":true},{"start":{"line":165,"column":7},"end":{"line":165,"column":29},"skip":true}]},"17":{"line":168,"type":"if","locations":[{"start":{"line":168,"column":0},"end":{"line":168,"column":0},"skip":true},{"start":{"line":168,"column":0},"end":{"line":168,"column":0},"skip":true}]}},"code":["//#!/usr/bin/env node","/*"," * lib.puppeteer_lite.js (0.0.1)"," * https://github.com/kaizhu256/node-puppeteer-lite"," * the greatest app in the world!"," *"," */","","","","/* istanbul instrument in package puppeteer_lite */","/* istanbul ignore next */","/* jslint utility2:true */","(function (globalThis) {","    \"use strict\";","    var consoleError;","    var local;","    // init globalThis","    globalThis.globalThis = globalThis.globalThis || globalThis;","    // init debug_inline","    if (!globalThis[\"debug\\u0049nline\"]) {","        consoleError = console.error;","        globalThis[\"debug\\u0049nline\"] = function () {","        /*","         * this function will both print <arguments> to stderr","         * and return <arguments>[0]","         */","            var argList;","            argList = Array.from(arguments); // jslint ignore:line","            // debug arguments","            globalThis[\"debug\\u0049nlineArguments\"] = argList;","            consoleError(\"\\n\\ndebug\\u0049nline\");","            consoleError.apply(console, argList);","            consoleError(\"\\n\");","            // return arg0 for inspection","            return argList[0];","        };","    }","    // init local","    local = {};","    local.local = local;","    globalThis.globalLocal = local;","    // init isBrowser","    local.isBrowser = (","        typeof window === \"object\"","        && window === globalThis","        && typeof window.XMLHttpRequest === \"function\"","        && window.document","        && typeof window.document.querySelector === \"function\"","    );","    // init function","    local.assertThrow = function (passed, message) {","    /*","     * this function will throw err.<message> if <passed> is falsy","     */","        var err;","        if (passed) {","            return;","        }","        err = (","            (","                message","                && typeof message.message === \"string\"","                && typeof message.stack === \"string\"","            )","            // if message is errObj, then leave as is","            ? message","            : new Error(","                typeof message === \"string\"","                // if message is a string, then leave as is","                ? message","                // else JSON.stringify message","                : JSON.stringify(message, null, 4)","            )","        );","        throw err;","    };","    local.functionOrNop = function (fnc) {","    /*","     * this function will if <fnc> exists,","     * them return <fnc>,","     * else return <nop>","     */","        return fnc || local.nop;","    };","    local.identity = function (value) {","    /*","     * this function will return <value>","     */","        return value;","    };","    local.nop = function () {","    /*","     * this function will do nothing","     */","        return;","    };","    local.objectAssignDefault = function (target, source) {","    /*","     * this function will if items from <target> are","     * null, undefined, or empty-string,","     * then overwrite them with items from <source>","     */","        target = target || {};","        Object.keys(source || {}).forEach(function (key) {","            if (","                target[key] === null","                || target[key] === undefined","                || target[key] === \"\"","            ) {","                target[key] = target[key] || source[key];","            }","        });","        return target;","    };","    // require builtin","    if (!local.isBrowser) {","        local.assert = require(\"assert\");","        local.buffer = require(\"buffer\");","        local.child_process = require(\"child_process\");","        local.cluster = require(\"cluster\");","        local.crypto = require(\"crypto\");","        local.dgram = require(\"dgram\");","        local.dns = require(\"dns\");","        local.domain = require(\"domain\");","        local.events = require(\"events\");","        local.fs = require(\"fs\");","        local.http = require(\"http\");","        local.https = require(\"https\");","        local.net = require(\"net\");","        local.os = require(\"os\");","        local.path = require(\"path\");","        local.querystring = require(\"querystring\");","        local.readline = require(\"readline\");","        local.repl = require(\"repl\");","        local.stream = require(\"stream\");","        local.string_decoder = require(\"string_decoder\");","        local.timers = require(\"timers\");","        local.tls = require(\"tls\");","        local.tty = require(\"tty\");","        local.url = require(\"url\");","        local.util = require(\"util\");","        local.vm = require(\"vm\");","        local.zlib = require(\"zlib\");","    }","}((typeof globalThis === \"object\" && globalThis) || (function () {","    return Function(\"return this\")(); // jslint ignore:line","}())));","","","","(function (local) {","\"use strict\";","","","","/* istanbul ignore next */","// run shared js-env code - init-before","(function () {","// init local","local = (","    globalThis.utility2_rollup","    // || globalThis.utility2_rollup_old","    // || require(\"./assets.utility2.rollup.js\")","    || globalThis.globalLocal",");","// init exports","if (local.isBrowser) {","    globalThis.utility2_puppeteer_lite = local;","} else {","    module.exports = local;","    module.exports.__dirname = __dirname;","}","// init lib main","local.puppeteer_lite = local;","","","","/* validateLineSortedReset */","return;","}());","}());",""],"l":{"14":2,"16":2,"17":2,"19":2,"21":2,"22":1,"23":1,"28":1,"29":1,"31":1,"32":1,"33":1,"34":1,"36":1,"40":2,"41":2,"42":2,"44":2,"52":2,"56":1,"57":1,"58":1,"60":1,"76":1,"78":2,"84":1,"86":2,"90":1,"92":2,"96":1,"98":2,"104":1,"105":1,"106":9,"111":9,"114":1,"117":2,"118":1,"119":1,"120":1,"121":1,"122":1,"123":1,"124":1,"125":1,"126":1,"127":1,"128":1,"129":1,"130":1,"131":1,"132":1,"133":1,"134":1,"135":1,"136":1,"137":1,"138":1,"139":1,"140":1,"141":1,"142":1,"143":1,"144":1,"147":1,"152":2,"159":2,"161":2,"168":2,"169":1,"171":1,"172":1,"175":2,"180":2}},"/home/travis/build/kaizhu256/node-puppeteer-lite/example.js":{"path":"/home/travis/build/kaizhu256/node-puppeteer-lite/example.js","s":{"1":2,"2":2,"3":2,"4":2,"5":2,"6":0,"7":0,"8":0,"9":0,"10":0,"11":0,"12":0,"13":0,"14":0,"15":2,"16":2,"17":2,"18":2,"19":2,"20":0,"21":0,"22":0,"23":0,"24":0,"25":2,"26":0,"27":2,"28":0,"29":2,"30":0,"31":2,"32":0,"33":0,"34":0,"35":0,"36":0,"37":2,"38":1,"39":1,"40":1,"41":1,"42":1,"43":1,"44":1,"45":1,"46":1,"47":1,"48":1,"49":1,"50":1,"51":1,"52":1,"53":1,"54":1,"55":1,"56":1,"57":1,"58":1,"59":1,"60":1,"61":1,"62":1,"63":1,"64":1,"65":0,"66":2,"67":2,"68":2,"69":2,"70":2,"71":2,"72":1,"73":1,"74":2,"75":2,"76":2,"77":2,"78":2,"79":0,"80":2,"81":2,"82":4,"83":4,"84":4,"85":4,"86":4,"87":1,"88":1,"89":1,"90":1,"91":1,"92":1,"93":0,"94":0,"95":0,"96":0,"97":0,"98":0,"99":0,"100":0,"101":0,"102":0,"103":0,"104":1,"105":2,"106":2,"107":1,"108":1,"109":1,"110":1,"111":3,"112":3,"113":3,"114":0,"115":1,"116":1,"117":1,"118":6,"119":1,"120":2,"121":0,"122":2,"123":1,"124":1,"125":1,"126":1,"127":1,"128":0,"129":0,"130":0,"131":0,"132":0,"133":0,"134":0,"135":0,"136":0,"137":0,"138":0,"139":0,"140":0,"141":0,"142":0},"b":{"1":[2,0],"2":[0,2],"3":[2,1,1,1,1],"4":[0,0],"5":[0,0],"6":[0,0,0],"7":[0,0],"8":[0,0],"9":[0,0],"10":[0,0],"11":[0,0],"12":[0,0,0],"13":[0,0],"14":[1,1],"15":[2,2,0],"16":[2,2,1],"17":[1,1],"18":[0,2],"19":[4,0],"20":[1,0],"21":[1,0],"22":[1,1,1,0],"23":[0,0],"24":[0,0],"25":[0,0],"26":[0,0],"27":[0,0],"28":[0,0],"29":[1,1],"30":[1,1],"31":[3,3],"32":[0,3],"33":[1,1],"34":[1,2,0,2,1],"35":[1,0],"36":[1,0],"37":[0,0],"38":[0,0],"39":[0,0],"40":[0,0],"41":[0,0],"42":[0,0]},"f":{"1":2,"2":0,"3":0,"4":0,"5":0,"6":0,"7":0,"8":0,"9":0,"10":2,"11":2,"12":2,"13":2,"14":4,"15":4,"16":1,"17":2,"18":3,"19":6,"20":0},"fnMap":{"1":{"name":"(anonymous_1)","line":109,"loc":{"start":{"line":109,"column":1},"end":{"line":109,"column":23}},"skip":true},"2":{"name":"(anonymous_2)","line":118,"loc":{"start":{"line":118,"column":41},"end":{"line":118,"column":53}},"skip":true},"3":{"name":"(anonymous_3)","line":147,"loc":{"start":{"line":147,"column":24},"end":{"line":147,"column":51}},"skip":true},"4":{"name":"(anonymous_4)","line":173,"loc":{"start":{"line":173,"column":26},"end":{"line":173,"column":41}},"skip":true},"5":{"name":"(anonymous_5)","line":181,"loc":{"start":{"line":181,"column":21},"end":{"line":181,"column":38}},"skip":true},"6":{"name":"(anonymous_6)","line":187,"loc":{"start":{"line":187,"column":16},"end":{"line":187,"column":28}},"skip":true},"7":{"name":"(anonymous_7)","line":193,"loc":{"start":{"line":193,"column":32},"end":{"line":193,"column":58}},"skip":true},"8":{"name":"(anonymous_8)","line":200,"loc":{"start":{"line":200,"column":42},"end":{"line":200,"column":57}},"skip":true},"9":{"name":"(anonymous_9)","line":241,"loc":{"start":{"line":241,"column":53},"end":{"line":241,"column":65}},"skip":true},"10":{"name":"(anonymous_10)","line":247,"loc":{"start":{"line":247,"column":1},"end":{"line":247,"column":18}}},"11":{"name":"(anonymous_11)","line":253,"loc":{"start":{"line":253,"column":1},"end":{"line":253,"column":13}}},"12":{"name":"(anonymous_12)","line":268,"loc":{"start":{"line":268,"column":1},"end":{"line":268,"column":13}},"skip":true},"13":{"name":"(anonymous_13)","line":273,"loc":{"start":{"line":273,"column":25},"end":{"line":273,"column":40}},"skip":true},"14":{"name":"(anonymous_14)","line":284,"loc":{"start":{"line":284,"column":19},"end":{"line":284,"column":31}},"skip":true},"15":{"name":"(anonymous_15)","line":288,"loc":{"start":{"line":288,"column":40},"end":{"line":288,"column":55}},"skip":true},"16":{"name":"(anonymous_16)","line":304,"loc":{"start":{"line":304,"column":23},"end":{"line":304,"column":38}},"skip":true},"17":{"name":"(anonymous_17)","line":363,"loc":{"start":{"line":363,"column":1},"end":{"line":363,"column":13}},"skip":true},"18":{"name":"(anonymous_18)","line":376,"loc":{"start":{"line":376,"column":10},"end":{"line":376,"column":26}},"skip":true},"19":{"name":"(anonymous_19)","line":854,"loc":{"start":{"line":854,"column":3},"end":{"line":854,"column":29}},"skip":true},"20":{"name":"(anonymous_20)","line":891,"loc":{"start":{"line":891,"column":24},"end":{"line":891,"column":44}},"skip":true}},"statementMap":{"1":{"start":{"line":109,"column":0},"end":{"line":243,"column":7},"skip":true},"2":{"start":{"line":111,"column":4},"end":{"line":111,"column":21},"skip":true},"3":{"start":{"line":112,"column":4},"end":{"line":112,"column":14},"skip":true},"4":{"start":{"line":114,"column":4},"end":{"line":114,"column":64},"skip":true},"5":{"start":{"line":116,"column":4},"end":{"line":133,"column":5},"skip":true},"6":{"start":{"line":117,"column":8},"end":{"line":117,"column":37},"skip":true},"7":{"start":{"line":118,"column":8},"end":{"line":132,"column":10},"skip":true},"8":{"start":{"line":123,"column":12},"end":{"line":123,"column":24},"skip":true},"9":{"start":{"line":124,"column":12},"end":{"line":124,"column":44},"skip":true},"10":{"start":{"line":126,"column":12},"end":{"line":126,"column":62},"skip":true},"11":{"start":{"line":127,"column":12},"end":{"line":127,"column":49},"skip":true},"12":{"start":{"line":128,"column":12},"end":{"line":128,"column":49},"skip":true},"13":{"start":{"line":129,"column":12},"end":{"line":129,"column":31},"skip":true},"14":{"start":{"line":131,"column":12},"end":{"line":131,"column":30},"skip":true},"15":{"start":{"line":135,"column":4},"end":{"line":135,"column":15},"skip":true},"16":{"start":{"line":136,"column":4},"end":{"line":136,"column":24},"skip":true},"17":{"start":{"line":137,"column":4},"end":{"line":137,"column":35},"skip":true},"18":{"start":{"line":139,"column":4},"end":{"line":145,"column":6},"skip":true},"19":{"start":{"line":147,"column":4},"end":{"line":172,"column":6},"skip":true},"20":{"start":{"line":151,"column":8},"end":{"line":151,"column":16},"skip":true},"21":{"start":{"line":152,"column":8},"end":{"line":154,"column":9},"skip":true},"22":{"start":{"line":153,"column":12},"end":{"line":153,"column":19},"skip":true},"23":{"start":{"line":155,"column":8},"end":{"line":170,"column":10},"skip":true},"24":{"start":{"line":171,"column":8},"end":{"line":171,"column":18},"skip":true},"25":{"start":{"line":173,"column":4},"end":{"line":180,"column":6},"skip":true},"26":{"start":{"line":179,"column":8},"end":{"line":179,"column":32},"skip":true},"27":{"start":{"line":181,"column":4},"end":{"line":186,"column":6},"skip":true},"28":{"start":{"line":185,"column":8},"end":{"line":185,"column":21},"skip":true},"29":{"start":{"line":187,"column":4},"end":{"line":192,"column":6},"skip":true},"30":{"start":{"line":191,"column":8},"end":{"line":191,"column":15},"skip":true},"31":{"start":{"line":193,"column":4},"end":{"line":210,"column":6},"skip":true},"32":{"start":{"line":199,"column":8},"end":{"line":199,"column":30},"skip":true},"33":{"start":{"line":200,"column":8},"end":{"line":208,"column":11},"skip":true},"34":{"start":{"line":201,"column":12},"end":{"line":207,"column":13},"skip":true},"35":{"start":{"line":206,"column":16},"end":{"line":206,"column":57},"skip":true},"36":{"start":{"line":209,"column":8},"end":{"line":209,"column":22},"skip":true},"37":{"start":{"line":212,"column":4},"end":{"line":240,"column":5},"skip":true},"38":{"start":{"line":213,"column":8},"end":{"line":213,"column":41},"skip":true},"39":{"start":{"line":214,"column":8},"end":{"line":214,"column":41},"skip":true},"40":{"start":{"line":215,"column":8},"end":{"line":215,"column":55},"skip":true},"41":{"start":{"line":216,"column":8},"end":{"line":216,"column":43},"skip":true},"42":{"start":{"line":217,"column":8},"end":{"line":217,"column":41},"skip":true},"43":{"start":{"line":218,"column":8},"end":{"line":218,"column":39},"skip":true},"44":{"start":{"line":219,"column":8},"end":{"line":219,"column":35},"skip":true},"45":{"start":{"line":220,"column":8},"end":{"line":220,"column":41},"skip":true},"46":{"start":{"line":221,"column":8},"end":{"line":221,"column":41},"skip":true},"47":{"start":{"line":222,"column":8},"end":{"line":222,"column":33},"skip":true},"48":{"start":{"line":223,"column":8},"end":{"line":223,"column":37},"skip":true},"49":{"start":{"line":224,"column":8},"end":{"line":224,"column":39},"skip":true},"50":{"start":{"line":225,"column":8},"end":{"line":225,"column":35},"skip":true},"51":{"start":{"line":226,"column":8},"end":{"line":226,"column":33},"skip":true},"52":{"start":{"line":227,"column":8},"end":{"line":227,"column":37},"skip":true},"53":{"start":{"line":228,"column":8},"end":{"line":228,"column":51},"skip":true},"54":{"start":{"line":229,"column":8},"end":{"line":229,"column":45},"skip":true},"55":{"start":{"line":230,"column":8},"end":{"line":230,"column":37},"skip":true},"56":{"start":{"line":231,"column":8},"end":{"line":231,"column":41},"skip":true},"57":{"start":{"line":232,"column":8},"end":{"line":232,"column":57},"skip":true},"58":{"start":{"line":233,"column":8},"end":{"line":233,"column":41},"skip":true},"59":{"start":{"line":234,"column":8},"end":{"line":234,"column":35},"skip":true},"60":{"start":{"line":235,"column":8},"end":{"line":235,"column":35},"skip":true},"61":{"start":{"line":236,"column":8},"end":{"line":236,"column":35},"skip":true},"62":{"start":{"line":237,"column":8},"end":{"line":237,"column":37},"skip":true},"63":{"start":{"line":238,"column":8},"end":{"line":238,"column":33},"skip":true},"64":{"start":{"line":239,"column":8},"end":{"line":239,"column":37},"skip":true},"65":{"start":{"line":242,"column":4},"end":{"line":242,"column":37},"skip":true},"66":{"start":{"line":247,"column":0},"end":{"line":901,"column":5}},"67":{"start":{"line":253,"column":0},"end":{"line":262,"column":5}},"68":{"start":{"line":255,"column":0},"end":{"line":259,"column":2}},"69":{"start":{"line":261,"column":0},"end":{"line":261,"column":25}},"70":{"start":{"line":268,"column":0},"end":{"line":357,"column":5},"skip":true},"71":{"start":{"line":269,"column":0},"end":{"line":271,"column":1},"skip":true},"72":{"start":{"line":270,"column":4},"end":{"line":270,"column":11},"skip":true},"73":{"start":{"line":273,"column":0},"end":{"line":300,"column":3},"skip":true},"74":{"start":{"line":274,"column":4},"end":{"line":274,"column":16},"skip":true},"75":{"start":{"line":275,"column":4},"end":{"line":275,"column":13},"skip":true},"76":{"start":{"line":276,"column":4},"end":{"line":276,"column":12},"skip":true},"77":{"start":{"line":277,"column":4},"end":{"line":279,"column":6},"skip":true},"78":{"start":{"line":280,"column":4},"end":{"line":282,"column":5},"skip":true},"79":{"start":{"line":281,"column":8},"end":{"line":281,"column":15},"skip":true},"80":{"start":{"line":283,"column":4},"end":{"line":283,"column":23},"skip":true},"81":{"start":{"line":284,"column":4},"end":{"line":299,"column":6},"skip":true},"82":{"start":{"line":285,"column":8},"end":{"line":285,"column":40},"skip":true},"83":{"start":{"line":286,"column":8},"end":{"line":286,"column":36},"skip":true},"84":{"start":{"line":288,"column":8},"end":{"line":296,"column":22},"skip":true},"85":{"start":{"line":289,"column":12},"end":{"line":293,"column":14},"skip":true},"86":{"start":{"line":298,"column":8},"end":{"line":298,"column":43},"skip":true},"87":{"start":{"line":301,"column":0},"end":{"line":301,"column":68},"skip":true},"88":{"start":{"line":302,"column":0},"end":{"line":302,"column":42},"skip":true},"89":{"start":{"line":303,"column":0},"end":{"line":303,"column":55},"skip":true},"90":{"start":{"line":304,"column":0},"end":{"line":352,"column":2},"skip":true},"91":{"start":{"line":308,"column":4},"end":{"line":351,"column":5},"skip":true},"92":{"start":{"line":318,"column":8},"end":{"line":318,"column":15},"skip":true},"93":{"start":{"line":321,"column":8},"end":{"line":328,"column":9},"skip":true},"94":{"start":{"line":327,"column":12},"end":{"line":327,"column":19},"skip":true},"95":{"start":{"line":330,"column":8},"end":{"line":343,"column":9},"skip":true},"96":{"start":{"line":333,"column":12},"end":{"line":333,"column":70},"skip":true},"97":{"start":{"line":334,"column":12},"end":{"line":336,"column":15},"skip":true},"98":{"start":{"line":337,"column":12},"end":{"line":339,"column":49},"skip":true},"99":{"start":{"line":340,"column":12},"end":{"line":340,"column":31},"skip":true},"100":{"start":{"line":341,"column":12},"end":{"line":341,"column":40},"skip":true},"101":{"start":{"line":342,"column":12},"end":{"line":342,"column":19},"skip":true},"102":{"start":{"line":345,"column":8},"end":{"line":347,"column":11},"skip":true},"103":{"start":{"line":348,"column":8},"end":{"line":350,"column":44},"skip":true},"104":{"start":{"line":354,"column":0},"end":{"line":356,"column":3},"skip":true},"105":{"start":{"line":363,"column":0},"end":{"line":900,"column":5},"skip":true},"106":{"start":{"line":364,"column":0},"end":{"line":366,"column":1},"skip":true},"107":{"start":{"line":365,"column":4},"end":{"line":365,"column":11},"skip":true},"108":{"start":{"line":368,"column":0},"end":{"line":368,"column":23},"skip":true},"109":{"start":{"line":371,"column":0},"end":{"line":371,"column":42},"skip":true},"110":{"start":{"line":372,"column":0},"end":{"line":385,"column":3},"skip":true},"111":{"start":{"line":377,"column":4},"end":{"line":377,"column":22},"skip":true},"112":{"start":{"line":378,"column":4},"end":{"line":378,"column":58},"skip":true},"113":{"start":{"line":379,"column":4},"end":{"line":384,"column":5},"skip":true},"114":{"start":{"line":380,"column":8},"end":{"line":383,"column":10},"skip":true},"115":{"start":{"line":387,"column":0},"end":{"line":840,"column":2},"skip":true},"116":{"start":{"line":844,"column":0},"end":{"line":847,"column":28},"skip":true},"117":{"start":{"line":850,"column":0},"end":{"line":867,"column":3},"skip":true},"118":{"start":{"line":855,"column":4},"end":{"line":866,"column":5},"skip":true},"119":{"start":{"line":857,"column":8},"end":{"line":857,"column":48},"skip":true},"120":{"start":{"line":859,"column":8},"end":{"line":859,"column":32},"skip":true},"121":{"start":{"line":861,"column":8},"end":{"line":861,"column":32},"skip":true},"122":{"start":{"line":863,"column":8},"end":{"line":863,"column":23},"skip":true},"123":{"start":{"line":865,"column":8},"end":{"line":865,"column":22},"skip":true},"124":{"start":{"line":868,"column":0},"end":{"line":868,"column":65},"skip":true},"125":{"start":{"line":869,"column":0},"end":{"line":869,"column":56},"skip":true},"126":{"start":{"line":871,"column":0},"end":{"line":873,"column":1},"skip":true},"127":{"start":{"line":872,"column":4},"end":{"line":872,"column":11},"skip":true},"128":{"start":{"line":875,"column":0},"end":{"line":878,"column":2},"skip":true},"129":{"start":{"line":879,"column":0},"end":{"line":879,"column":74},"skip":true},"130":{"start":{"line":882,"column":0},"end":{"line":884,"column":1},"skip":true},"131":{"start":{"line":883,"column":4},"end":{"line":883,"column":74},"skip":true},"132":{"start":{"line":886,"column":0},"end":{"line":888,"column":1},"skip":true},"133":{"start":{"line":887,"column":4},"end":{"line":887,"column":11},"skip":true},"134":{"start":{"line":889,"column":0},"end":{"line":889,"column":46},"skip":true},"135":{"start":{"line":890,"column":0},"end":{"line":890,"column":67},"skip":true},"136":{"start":{"line":891,"column":0},"end":{"line":899,"column":28},"skip":true},"137":{"start":{"line":892,"column":4},"end":{"line":892,"column":45},"skip":true},"138":{"start":{"line":893,"column":4},"end":{"line":896,"column":5},"skip":true},"139":{"start":{"line":894,"column":8},"end":{"line":894,"column":58},"skip":true},"140":{"start":{"line":895,"column":8},"end":{"line":895,"column":15},"skip":true},"141":{"start":{"line":897,"column":4},"end":{"line":897,"column":25},"skip":true},"142":{"start":{"line":898,"column":4},"end":{"line":898,"column":14},"skip":true}},"branchMap":{"1":{"line":114,"type":"binary-expr","locations":[{"start":{"line":114,"column":28},"end":{"line":114,"column":49},"skip":true},{"start":{"line":114,"column":53},"end":{"line":114,"column":63},"skip":true}]},"2":{"line":116,"type":"if","locations":[{"start":{"line":116,"column":4},"end":{"line":116,"column":4},"skip":true},{"start":{"line":116,"column":4},"end":{"line":116,"column":4},"skip":true}]},"3":{"line":140,"type":"binary-expr","locations":[{"start":{"line":140,"column":8},"end":{"line":140,"column":34},"skip":true},{"start":{"line":141,"column":11},"end":{"line":141,"column":32},"skip":true},{"start":{"line":142,"column":11},"end":{"line":142,"column":54},"skip":true},{"start":{"line":143,"column":11},"end":{"line":143,"column":26},"skip":true},{"start":{"line":144,"column":11},"end":{"line":144,"column":62},"skip":true}]},"4":{"line":152,"type":"if","locations":[{"start":{"line":152,"column":8},"end":{"line":152,"column":8},"skip":true},{"start":{"line":152,"column":8},"end":{"line":152,"column":8},"skip":true}]},"5":{"line":156,"type":"cond-expr","locations":[{"start":{"line":162,"column":14},"end":{"line":162,"column":21},"skip":true},{"start":{"line":163,"column":14},"end":{"line":169,"column":13},"skip":true}]},"6":{"line":157,"type":"binary-expr","locations":[{"start":{"line":157,"column":16},"end":{"line":157,"column":23},"skip":true},{"start":{"line":158,"column":19},"end":{"line":158,"column":54},"skip":true},{"start":{"line":159,"column":19},"end":{"line":159,"column":52},"skip":true}]},"7":{"line":164,"type":"cond-expr","locations":[{"start":{"line":166,"column":18},"end":{"line":166,"column":25},"skip":true},{"start":{"line":168,"column":18},"end":{"line":168,"column":50},"skip":true}]},"8":{"line":179,"type":"binary-expr","locations":[{"start":{"line":179,"column":15},"end":{"line":179,"column":18},"skip":true},{"start":{"line":179,"column":22},"end":{"line":179,"column":31},"skip":true}]},"9":{"line":199,"type":"binary-expr","locations":[{"start":{"line":199,"column":17},"end":{"line":199,"column":23},"skip":true},{"start":{"line":199,"column":27},"end":{"line":199,"column":29},"skip":true}]},"10":{"line":200,"type":"binary-expr","locations":[{"start":{"line":200,"column":20},"end":{"line":200,"column":26},"skip":true},{"start":{"line":200,"column":30},"end":{"line":200,"column":32},"skip":true}]},"11":{"line":201,"type":"if","locations":[{"start":{"line":201,"column":12},"end":{"line":201,"column":12},"skip":true},{"start":{"line":201,"column":12},"end":{"line":201,"column":12},"skip":true}]},"12":{"line":202,"type":"binary-expr","locations":[{"start":{"line":202,"column":16},"end":{"line":202,"column":36},"skip":true},{"start":{"line":203,"column":19},"end":{"line":203,"column":44},"skip":true},{"start":{"line":204,"column":19},"end":{"line":204,"column":37},"skip":true}]},"13":{"line":206,"type":"binary-expr","locations":[{"start":{"line":206,"column":30},"end":{"line":206,"column":41},"skip":true},{"start":{"line":206,"column":45},"end":{"line":206,"column":56},"skip":true}]},"14":{"line":212,"type":"if","locations":[{"start":{"line":212,"column":4},"end":{"line":212,"column":4},"skip":true},{"start":{"line":212,"column":4},"end":{"line":212,"column":4},"skip":true}]},"15":{"line":241,"type":"binary-expr","locations":[{"start":{"line":241,"column":3},"end":{"line":241,"column":33},"skip":true},{"start":{"line":241,"column":37},"end":{"line":241,"column":47},"skip":true},{"start":{"line":241,"column":53},"end":{"line":243,"column":3},"skip":true}]},"16":{"line":256,"type":"binary-expr","locations":[{"start":{"line":256,"column":4},"end":{"line":256,"column":30}},{"start":{"line":257,"column":7},"end":{"line":257,"column":41}},{"start":{"line":258,"column":7},"end":{"line":258,"column":40}}]},"17":{"line":269,"type":"if","locations":[{"start":{"line":269,"column":0},"end":{"line":269,"column":0},"skip":true},{"start":{"line":269,"column":0},"end":{"line":269,"column":0},"skip":true}]},"18":{"line":280,"type":"if","locations":[{"start":{"line":280,"column":4},"end":{"line":280,"column":4},"skip":true},{"start":{"line":280,"column":4},"end":{"line":280,"column":4},"skip":true}]},"19":{"line":290,"type":"cond-expr","locations":[{"start":{"line":291,"column":18},"end":{"line":291,"column":21},"skip":true},{"start":{"line":292,"column":18},"end":{"line":292,"column":46},"skip":true}]},"20":{"line":303,"type":"binary-expr","locations":[{"start":{"line":303,"column":21},"end":{"line":303,"column":29},"skip":true},{"start":{"line":303,"column":33},"end":{"line":303,"column":54},"skip":true}]},"21":{"line":308,"type":"switch","locations":[{"start":{"line":317,"column":4},"end":{"line":318,"column":15},"skip":true},{"start":{"line":320,"column":4},"end":{"line":350,"column":44},"skip":true}]},"22":{"line":309,"type":"binary-expr","locations":[{"start":{"line":309,"column":8},"end":{"line":309,"column":20},"skip":true},{"start":{"line":310,"column":11},"end":{"line":310,"column":23},"skip":true},{"start":{"line":312,"column":12},"end":{"line":312,"column":24},"skip":true},{"start":{"line":313,"column":16},"end":{"line":313,"column":62},"skip":true}]},"23":{"line":313,"type":"binary-expr","locations":[{"start":{"line":313,"column":34},"end":{"line":313,"column":44},"skip":true},{"start":{"line":313,"column":48},"end":{"line":313,"column":61},"skip":true}]},"24":{"line":321,"type":"if","locations":[{"start":{"line":321,"column":8},"end":{"line":321,"column":8},"skip":true},{"start":{"line":321,"column":8},"end":{"line":321,"column":8},"skip":true}]},"25":{"line":322,"type":"binary-expr","locations":[{"start":{"line":322,"column":12},"end":{"line":322,"column":62},"skip":true},{"start":{"line":323,"column":15},"end":{"line":325,"column":36},"skip":true}]},"26":{"line":322,"type":"binary-expr","locations":[{"start":{"line":322,"column":13},"end":{"line":322,"column":23},"skip":true},{"start":{"line":322,"column":27},"end":{"line":322,"column":40},"skip":true}]},"27":{"line":323,"type":"binary-expr","locations":[{"start":{"line":323,"column":17},"end":{"line":323,"column":29},"skip":true},{"start":{"line":323,"column":33},"end":{"line":325,"column":35},"skip":true}]},"28":{"line":330,"type":"if","locations":[{"start":{"line":330,"column":8},"end":{"line":330,"column":8},"skip":true},{"start":{"line":330,"column":8},"end":{"line":330,"column":8},"skip":true}]},"29":{"line":364,"type":"if","locations":[{"start":{"line":364,"column":0},"end":{"line":364,"column":0},"skip":true},{"start":{"line":364,"column":0},"end":{"line":364,"column":0},"skip":true}]},"30":{"line":371,"type":"binary-expr","locations":[{"start":{"line":371,"column":19},"end":{"line":371,"column":35},"skip":true},{"start":{"line":371,"column":39},"end":{"line":371,"column":41},"skip":true}]},"31":{"line":378,"type":"binary-expr","locations":[{"start":{"line":378,"column":29},"end":{"line":378,"column":51},"skip":true},{"start":{"line":378,"column":55},"end":{"line":378,"column":57},"skip":true}]},"32":{"line":379,"type":"if","locations":[{"start":{"line":379,"column":4},"end":{"line":379,"column":4},"skip":true},{"start":{"line":379,"column":4},"end":{"line":379,"column":4},"skip":true}]},"33":{"line":845,"type":"binary-expr","locations":[{"start":{"line":845,"column":4},"end":{"line":845,"column":49},"skip":true},{"start":{"line":846,"column":4},"end":{"line":847,"column":27},"skip":true}]},"34":{"line":855,"type":"switch","locations":[{"start":{"line":856,"column":4},"end":{"line":857,"column":48},"skip":true},{"start":{"line":858,"column":4},"end":{"line":859,"column":32},"skip":true},{"start":{"line":860,"column":4},"end":{"line":861,"column":32},"skip":true},{"start":{"line":862,"column":4},"end":{"line":863,"column":23},"skip":true},{"start":{"line":864,"column":4},"end":{"line":865,"column":22},"skip":true}]},"35":{"line":871,"type":"if","locations":[{"start":{"line":871,"column":0},"end":{"line":871,"column":0},"skip":true},{"start":{"line":871,"column":0},"end":{"line":871,"column":0},"skip":true}]},"36":{"line":871,"type":"binary-expr","locations":[{"start":{"line":871,"column":4},"end":{"line":871,"column":27},"skip":true},{"start":{"line":871,"column":31},"end":{"line":871,"column":57},"skip":true}]},"37":{"line":876,"type":"binary-expr","locations":[{"start":{"line":876,"column":4},"end":{"line":876,"column":42},"skip":true},{"start":{"line":877,"column":7},"end":{"line":877,"column":48},"skip":true}]},"38":{"line":879,"type":"binary-expr","locations":[{"start":{"line":879,"column":35},"end":{"line":879,"column":67},"skip":true},{"start":{"line":879,"column":71},"end":{"line":879,"column":73},"skip":true}]},"39":{"line":882,"type":"if","locations":[{"start":{"line":882,"column":0},"end":{"line":882,"column":0},"skip":true},{"start":{"line":882,"column":0},"end":{"line":882,"column":0},"skip":true}]},"40":{"line":886,"type":"if","locations":[{"start":{"line":886,"column":0},"end":{"line":886,"column":0},"skip":true},{"start":{"line":886,"column":0},"end":{"line":886,"column":0},"skip":true}]},"41":{"line":889,"type":"binary-expr","locations":[{"start":{"line":889,"column":19},"end":{"line":889,"column":35},"skip":true},{"start":{"line":889,"column":39},"end":{"line":889,"column":45},"skip":true}]},"42":{"line":893,"type":"if","locations":[{"start":{"line":893,"column":4},"end":{"line":893,"column":4},"skip":true},{"start":{"line":893,"column":4},"end":{"line":893,"column":4},"skip":true}]}},"code":["","","","","","","","","","","","","","","","","","","","","","","","","","","","","","","","","","","","","","","","","","","","","","","","","","","","","","","","","","","","","","","","","","","","","","","","","","","","","","","","","","","","","","","","","","/*","example.js","","this script will run a web-demo of puppeteer-lite","","instruction","    1. save this script as example.js","    2. run shell-command:","        $ npm install kaizhu256/node-puppeteer-lite#alpha && \\","            PORT=8081 node example.js","    3. open a browser to http://127.0.0.1:8081 and play with web-demo","    4. edit this script to suit your needs","*/","","","","/* istanbul instrument in package puppeteer_lite */","/* istanbul ignore next */","/* jslint utility2:true */","(function (globalThis) {","    \"use strict\";","    var consoleError;","    var local;","    // init globalThis","    globalThis.globalThis = globalThis.globalThis || globalThis;","    // init debug_inline","    if (!globalThis[\"debug\\u0049nline\"]) {","        consoleError = console.error;","        globalThis[\"debug\\u0049nline\"] = function () {","        /*","         * this function will both print <arguments> to stderr","         * and return <arguments>[0]","         */","            var argList;","            argList = Array.from(arguments); // jslint ignore:line","            // debug arguments","            globalThis[\"debug\\u0049nlineArguments\"] = argList;","            consoleError(\"\\n\\ndebug\\u0049nline\");","            consoleError.apply(console, argList);","            consoleError(\"\\n\");","            // return arg0 for inspection","            return argList[0];","        };","    }","    // init local","    local = {};","    local.local = local;","    globalThis.globalLocal = local;","    // init isBrowser","    local.isBrowser = (","        typeof window === \"object\"","        && window === globalThis","        && typeof window.XMLHttpRequest === \"function\"","        && window.document","        && typeof window.document.querySelector === \"function\"","    );","    // init function","    local.assertThrow = function (passed, message) {","    /*","     * this function will throw err.<message> if <passed> is falsy","     */","        var err;","        if (passed) {","            return;","        }","        err = (","            (","                message","                && typeof message.message === \"string\"","                && typeof message.stack === \"string\"","            )","            // if message is errObj, then leave as is","            ? message","            : new Error(","                typeof message === \"string\"","                // if message is a string, then leave as is","                ? message","                // else JSON.stringify message","                : JSON.stringify(message, null, 4)","            )","        );","        throw err;","    };","    local.functionOrNop = function (fnc) {","    /*","     * this function will if <fnc> exists,","     * them return <fnc>,","     * else return <nop>","     */","        return fnc || local.nop;","    };","    local.identity = function (value) {","    /*","     * this function will return <value>","     */","        return value;","    };","    local.nop = function () {","    /*","     * this function will do nothing","     */","        return;","    };","    local.objectAssignDefault = function (target, source) {","    /*","     * this function will if items from <target> are","     * null, undefined, or empty-string,","     * then overwrite them with items from <source>","     */","        target = target || {};","        Object.keys(source || {}).forEach(function (key) {","            if (","                target[key] === null","                || target[key] === undefined","                || target[key] === \"\"","            ) {","                target[key] = target[key] || source[key];","            }","        });","        return target;","    };","    // require builtin","    if (!local.isBrowser) {","        local.assert = require(\"assert\");","        local.buffer = require(\"buffer\");","        local.child_process = require(\"child_process\");","        local.cluster = require(\"cluster\");","        local.crypto = require(\"crypto\");","        local.dgram = require(\"dgram\");","        local.dns = require(\"dns\");","        local.domain = require(\"domain\");","        local.events = require(\"events\");","        local.fs = require(\"fs\");","        local.http = require(\"http\");","        local.https = require(\"https\");","        local.net = require(\"net\");","        local.os = require(\"os\");","        local.path = require(\"path\");","        local.querystring = require(\"querystring\");","        local.readline = require(\"readline\");","        local.repl = require(\"repl\");","        local.stream = require(\"stream\");","        local.string_decoder = require(\"string_decoder\");","        local.timers = require(\"timers\");","        local.tls = require(\"tls\");","        local.tty = require(\"tty\");","        local.url = require(\"url\");","        local.util = require(\"util\");","        local.vm = require(\"vm\");","        local.zlib = require(\"zlib\");","    }","}((typeof globalThis === \"object\" && globalThis) || (function () {","    return Function(\"return this\")(); // jslint ignore:line","}())));","","","","(function (local) {","\"use strict\";","","","","// run shared js-env code - init-before","(function () {","// init local","local = (","    globalThis.utility2_rollup","    || globalThis.utility2_puppeteer_lite","    || globalThis.utility2_moduleExports",");","// init exports","globalThis.local = local;","}());","","","","/* istanbul ignore next */","// run browser js-env code - init-test","(function () {","if (!local.isBrowser) {","    return;","}","// log stderr and stdout to #outputStdout1","[\"error\", \"log\"].forEach(function (key) {","    var argList;","    var elem;","    var fnc;","    elem = document.querySelector(","        \"#outputStdout1\"","    );","    if (!elem) {","        return;","    }","    fnc = console[key];","    console[key] = function () {","        argList = Array.from(arguments); // jslint ignore:line","        fnc.apply(console, argList);","        // append text to #outputStdout1","        elem.textContent += argList.map(function (arg) {","            return (","                typeof arg === \"string\"","                ? arg","                : JSON.stringify(arg, null, 4)","            );","        }).join(\" \").replace((","            /\\u001b\\[\\d*m/g","        ), \"\") + \"\\n\";","        // scroll textarea to bottom","        elem.scrollTop = elem.scrollHeight;","    };","});","local.objectAssignDefault(local, globalThis.domOnEventDelegateDict);","globalThis.domOnEventDelegateDict = local;","local.onEventDomDb = local.db && local.db.onEventDomDb;","local.testRunBrowser = function (evt) {","/*"," * this function will run browser-tests"," */","    switch (","        !evt.ctrlKey","        && !evt.metaKey","        && (","            evt.modeInit","            || (evt.type + \".\" + (evt.target && evt.target.id))","        )","    ) {","    // custom-case","    case true:","        return;","    // run browser-tests","    default:","        if (","            (evt.target && evt.target.id) !== \"testRunButton1\"","            && !(evt.modeInit && (","                /\\bmodeTest=1\\b/","            ).test(location.search))","        ) {","            return;","        }","        // show browser-tests","        if (document.querySelector(","            \"#testReportDiv1\"","        ).style.maxHeight === \"0px\") {","            globalThis.domOnEventDelegateDict.domOnEventResetOutput();","            local.uiAnimateSlideDown(document.querySelector(","                \"#testReportDiv1\"","            ));","            document.querySelector(","                \"#testRunButton1\"","            ).textContent = \"hide internal test\";","            local.modeTest = 1;","            local.testRunDefault(local);","            return;","        }","        // hide browser-tests","        local.uiAnimateSlideUp(document.querySelector(","            \"#testReportDiv1\"","        ));","        document.querySelector(","            \"#testRunButton1\"","        ).textContent = \"run internal test\";","    }","};","","local.testRunBrowser({","    modeInit: true","});","}());","","","","/* istanbul ignore next */","// run node js-env code - init-test","(function () {","if (local.isBrowser) {","    return;","}","// init exports","module.exports = local;","/* validateLineSortedReset */","// init assets","local.assetsDict = local.assetsDict || {};","[","    \"assets.index.template.html\",","    \"assets.swgg.swagger.json\",","    \"assets.swgg.swagger.server.json\"","].forEach(function (file) {","    file = \"/\" + file;","    local.assetsDict[file] = local.assetsDict[file] || \"\";","    if (local.fs.existsSync(local.__dirname + file)) {","        local.assetsDict[file] = local.fs.readFileSync(","            local.__dirname + file,","            \"utf8\"","        );","    }","});","/* jslint ignore:start */","local.assetsDict[\"/assets.index.template.html\"] = '\\","<!doctype html>\\n\\","<html lang=\"en\">\\n\\","<head>\\n\\","<meta charset=\"utf-8\">\\n\\","<meta name=\"viewport\" content=\"width=device-width, initial-scale=1\">\\n\\","<!-- \"assets.utility2.template.html\" -->\\n\\","<title>{{env.npm_package_name}} ({{env.npm_package_version}})</title>\\n\\","<style>\\n\\","/* jslint utility2:true */\\n\\","/*csslint\\n\\","*/\\n\\","/* csslint ignore:start */\\n\\","*,\\n\\","*:after,\\n\\","*:before {\\n\\","    box-sizing: border-box;\\n\\","}\\n\\","/* csslint ignore:end */\\n\\","@keyframes uiAnimateShake {\\n\\","0%,\\n\\","50% {\\n\\","    transform: translateX(10px);\\n\\","}\\n\\","100% {\\n\\","    transform: translateX(0);\\n\\","}\\n\\","25%,\\n\\","75% {\\n\\","    transform: translateX(-10px);\\n\\","}\\n\\","}\\n\\","@keyframes uiAnimateSpin {\\n\\","0% {\\n\\","    transform: rotate(0deg);\\n\\","}\\n\\","100% {\\n\\","    transform: rotate(360deg);\\n\\","}\\n\\","}\\n\\","a {\\n\\","    overflow-wrap: break-word;\\n\\","}\\n\\","body {\\n\\","    background: #eef;\\n\\","    font-family: Arial, Helvetica, sans-serif;\\n\\","    font-size: small;\\n\\","    margin: 0 40px;\\n\\","}\\n\\","body > div,\\n\\","body > form > div,\\n\\","body > form > input,\\n\\","body > form > pre,\\n\\","body > form > .button,\\n\\","body > form > .textarea,\\n\\","body > input,\\n\\","body > pre,\\n\\","body > .button,\\n\\","body > .textarea {\\n\\","    margin-bottom: 20px;\\n\\","    margin-top: 0;\\n\\","}\\n\\","body > form > input,\\n\\","body > form > .button,\\n\\","body > input,\\n\\","body > .button {\\n\\","    width: 20rem;\\n\\","}\\n\\","body > form > .textarea,\\n\\","body > .textarea {\\n\\","    height: 10rem;\\n\\","    width: 100%;\\n\\","}\\n\\","body > .readonly {\\n\\","    background: #ddd;\\n\\","}\\n\\","code,\\n\\","pre,\\n\\",".textarea {\\n\\","    font-family: Consolas, Menlo, monospace;\\n\\","    font-size: smaller;\\n\\","}\\n\\","pre {\\n\\","    overflow-wrap: break-word;\\n\\","    white-space: pre-wrap;\\n\\","}\\n\\",".button {\\n\\","    background: #ddd;\\n\\","    border: 1px solid #999;\\n\\","    color: #000;\\n\\","    cursor: pointer;\\n\\","    display: inline-block;\\n\\","    padding: 2px 5px;\\n\\","    text-align: center;\\n\\","    text-decoration: none;\\n\\","}\\n\\",".button:hover {\\n\\","    background: #bbb;\\n\\","}\\n\\",".colorError {\\n\\","    color: #d00;\\n\\","}\\n\\",".textarea {\\n\\","    background: #fff;\\n\\","    border: 1px solid #999;\\n\\","    border-radius: 0;\\n\\","    cursor: auto;\\n\\","    overflow: auto;\\n\\","    padding: 2px;\\n\\","}\\n\\",".uiAnimateShake {\\n\\","    animation-duration: 500ms;\\n\\","    animation-name: uiAnimateShake;\\n\\","}\\n\\",".uiAnimateSlide {\\n\\","    overflow-y: hidden;\\n\\","    transition: max-height ease-in 250ms, min-height ease-in 250ms, padding-bottom ease-in 250ms, padding-top ease-in 250ms;\\n\\","}\\n\\",".utility2FooterDiv {\\n\\","    text-align: center;\\n\\","}\\n\\",".zeroPixel {\\n\\","    border: 0;\\n\\","    height: 0;\\n\\","    margin: 0;\\n\\","    padding: 0;\\n\\","    width: 0;\\n\\","}\\n\\","</style>\\n\\","</head>\\n\\","<body>\\n\\","<div class=\"uiAnimateSpin\" style=\"animation: uiAnimateSpin 2s linear infinite; border: 5px solid #999; border-radius: 50%; border-top: 5px solid #7d7; display: none; height: 25px; vertical-align: middle; width: 25px;\"></div>\\n\\","<a class=\"zeroPixel\" download=\"db.persistence.json\" href=\"\" id=\"dbExportA1\"></a>\\n\\","<input class=\"zeroPixel\" data-onevent=\"onEventDomDb\" data-onevent-db=\"dbImportInput\" type=\"file\">\\n\\","<script>\\n\\","/* jslint utility2:true */\\n\\","// init domOnEventWindowOnloadTimeElapsed\\n\\","(function () {\\n\\","/*\\n\\"," * this function will measure and print time-elapsed for window.onload\\n\\"," */\\n\\","    \"use strict\";\\n\\","    if (window.domOnEventWindowOnloadTimeElapsed) {\\n\\","        return;\\n\\","    }\\n\\","    window.domOnEventWindowOnloadTimeElapsed = Date.now() + 100;\\n\\","    window.addEventListener(\"load\", function () {\\n\\","        setTimeout(function () {\\n\\","            window.domOnEventWindowOnloadTimeElapsed = (\\n\\","                Date.now()\\n\\","                - window.domOnEventWindowOnloadTimeElapsed\\n\\","            );\\n\\","            console.error(\\n\\","                \"domOnEventWindowOnloadTimeElapsed = \"\\n\\","                + window.domOnEventWindowOnloadTimeElapsed\\n\\","            );\\n\\","        }, 100);\\n\\","    });\\n\\","}());\\n\\","\\n\\","\\n\\","\\n\\","// init domOnEventAjaxProgressUpdate\\n\\","(function () {\\n\\","/*\\n\\"," * this function will display incrementing ajax-progress-bar\\n\\"," */\\n\\","    \"use strict\";\\n\\","    var opt;\\n\\","    if (window.domOnEventAjaxProgressUpdate) {\\n\\","        return;\\n\\","    }\\n\\","    window.domOnEventAjaxProgressUpdate = function (gotoState, onError) {\\n\\","        gotoState = (gotoState | 0) + 1;\\n\\","        switch (gotoState) {\\n\\","        // ajaxProgress - show\\n\\","        case 1:\\n\\","            // init timerInterval and timerTimeout\\n\\","            opt.timerInterval = (\\n\\","                opt.timerInterval || setInterval(opt, 2000, 1, onError)\\n\\","            );\\n\\","            opt.timerTimeout = (\\n\\","                opt.timerTimeout || setTimeout(opt, 30000, 2, onError)\\n\\","            );\\n\\","            // show ajaxProgress\\n\\","            if (opt.width !== -1) {\\n\\","                opt.style.background = opt.background;\\n\\","            }\\n\\","            setTimeout(opt, 50, gotoState, onError);\\n\\","            break;\\n\\","        // ajaxProgress - increment\\n\\","        case 2:\\n\\","            // show ajaxProgress\\n\\","            if (opt.width === -1) {\\n\\","                return;\\n\\","            }\\n\\","            opt.style.background = opt.background;\\n\\","            // reset ajaxProgress if it goes too high\\n\\","            if ((opt.style.width.slice(0, -1) | 0) > 95) {\\n\\","                opt.width = 0;\\n\\","            }\\n\\","            // this algorithm will indefinitely increment ajaxProgress\\n\\","            // with successively smaller increments without ever reaching 100%\\n\\","            opt.width += 1;\\n\\","            opt.style.width = Math.max(\\n\\","                100 - 75 * Math.exp(-0.125 * opt.width),\\n\\","                opt.style.width.slice(0, -1) | 0\\n\\","            ) + \"%\";\\n\\","            if (!opt.counter) {\\n\\","                setTimeout(opt, 0, gotoState, onError);\\n\\","            }\\n\\","            break;\\n\\","        // ajaxProgress - 100%\\n\\","        case 3:\\n\\","            opt.width = -1;\\n\\","            opt.style.width = \"100%\";\\n\\","            setTimeout(opt, 1000, gotoState, onError);\\n\\","            break;\\n\\","        // ajaxProgress - hide\\n\\","        case 4:\\n\\","            // cleanup timerInterval and timerTimeout\\n\\","            clearInterval(opt.timerInterval);\\n\\","            opt.timerInterval = null;\\n\\","            clearTimeout(opt.timerTimeout);\\n\\","            opt.timerTimeout = null;\\n\\","            // hide ajaxProgress\\n\\","            opt.style.background = \"transparent\";\\n\\","            if (onError) {\\n\\","                onError();\\n\\","            }\\n\\","            setTimeout(opt, 250, gotoState);\\n\\","            break;\\n\\","        // ajaxProgress - reset\\n\\","        default:\\n\\","            // reset ajaxProgress\\n\\","            opt.counter = 0;\\n\\","            opt.width = 0;\\n\\","            opt.style.width = \"0%\";\\n\\","        }\\n\\","    };\\n\\","    opt = window.domOnEventAjaxProgressUpdate;\\n\\","    opt.end = function (onError) {\\n\\","        opt.counter = 0;\\n\\","        window.domOnEventAjaxProgressUpdate(2, onError);\\n\\","    };\\n\\","    opt.elem = document.getElementById(\"domElementAjaxProgress1\");\\n\\","    if (!opt.elem) {\\n\\","        opt.elem = document.createElement(\"div\");\\n\\","        setTimeout(function () {\\n\\","            document.body.insertBefore(opt.elem, document.body.firstChild);\\n\\","        });\\n\\","    }\\n\\","    opt.elem.id = \"domElementAjaxProgress1\";\\n\\","    opt.style = opt.elem.style;\\n\\","    // init style\\n\\","    Object.entries({\\n\\","        background: \"#d00\",\\n\\","        height: \"2px\",\\n\\","        left: \"0\",\\n\\","        margin: \"0\",\\n\\","        padding: \"0\",\\n\\","        position: \"fixed\",\\n\\","        top: \"0\",\\n\\","        transition: \"background 250ms, width 750ms\",\\n\\","        width: \"0%\",\\n\\","        \"z-index\": \"1\"\\n\\","    }).forEach(function (entry) {\\n\\","        opt.style[entry[0]] = opt.style[entry[0]] || entry[1];\\n\\","    });\\n\\","    // init state\\n\\","    opt.background = opt.style.background;\\n\\","    opt.counter = 0;\\n\\","    opt.width = 0;\\n\\","}());\\n\\","\\n\\","\\n\\","\\n\\","// init domOnEventDelegateDict\\n\\","(function () {\\n\\","/*\\n\\"," * this function will handle delegated dom-event\\n\\"," */\\n\\","    \"use strict\";\\n\\","    var timerTimeoutDict;\\n\\","    if (window.domOnEventDelegateDict) {\\n\\","        return;\\n\\","    }\\n\\","    window.domOnEventDelegateDict = {};\\n\\","    timerTimeoutDict = {};\\n\\","    window.domOnEventDelegateDict.domOnEventDelegate = function (evt) {\\n\\","        evt.targetOnEvent = evt.target.closest(\\n\\","            \"[data-onevent]\"\\n\\","        );\\n\\","        if (\\n\\","            !evt.targetOnEvent\\n\\","            || evt.targetOnEvent.dataset.onevent === \"domOnEventNop\"\\n\\","            || evt.target.closest(\\n\\","                \".disabled, .readonly\"\\n\\","            )\\n\\","        ) {\\n\\","            return;\\n\\","        }\\n\\","        // rate-limit high-frequency-event\\n\\","        switch (evt.type) {\\n\\","        case \"keydown\":\\n\\","        case \"keyup\":\\n\\","            // filter non-input keyboard-event\\n\\","            if (!evt.target.closest(\\n\\","                \"input, option, select, textarea\"\\n\\","            )) {\\n\\","                return;\\n\\","            }\\n\\","            if (timerTimeoutDict[evt.type] !== true) {\\n\\","                timerTimeoutDict[evt.type] = timerTimeoutDict[\\n\\","                    evt.type\\n\\","                ] || setTimeout(function () {\\n\\","                    timerTimeoutDict[evt.type] = true;\\n\\","                    window.domOnEventDelegateDict.domOnEventDelegate(evt);\\n\\","                }, 50);\\n\\","                return;\\n\\","            }\\n\\","            timerTimeoutDict[evt.type] = null;\\n\\","            break;\\n\\","        }\\n\\","        switch (evt.targetOnEvent.tagName) {\\n\\","        case \"BUTTON\":\\n\\","        case \"FORM\":\\n\\","            evt.preventDefault();\\n\\","            break;\\n\\","        }\\n\\","        evt.stopPropagation();\\n\\","        window.domOnEventDelegateDict[evt.targetOnEvent.dataset.onevent](\\n\\","            evt\\n\\","        );\\n\\","    };\\n\\","    window.domOnEventDelegateDict.domOnEventResetOutput = function () {\\n\\","        document.querySelectorAll(\\n\\","            \".onevent-reset-output\"\\n\\","        ).forEach(function (elem) {\\n\\","            switch (elem.tagName) {\\n\\","            case \"INPUT\":\\n\\","            case \"TEXTAREA\":\\n\\","                elem.value = \"\";\\n\\","                break;\\n\\","            case \"PRE\":\\n\\","                elem.textContent = \"\";\\n\\","                break;\\n\\","            default:\\n\\","                elem.innerHTML = \"\";\\n\\","            }\\n\\","        });\\n\\","    };\\n\\","    // init event-handling\\n\\","    [\\n\\","        \"change\",\\n\\","        \"click\",\\n\\","        \"keydown\",\\n\\","        \"submit\"\\n\\","    ].forEach(function (eventType) {\\n\\","        document.addEventListener(\\n\\","            eventType,\\n\\","            window.domOnEventDelegateDict.domOnEventDelegate\\n\\","        );\\n\\","    });\\n\\","}());\\n\\","\\n\\","\\n\\","\\n\\","// init domOnEventSelectAllWithinPre\\n\\","(function () {\\n\\","/*\\n\\"," * this function will limit select-all within <pre tabIndex=\"0\"> elements\\n\\"," * https://stackoverflow.com/questions/985272/selecting-text-in-an-element-akin-to-highlighting-with-your-mouse\\n\\"," */\\n\\","    \"use strict\";\\n\\","    if (window.domOnEventSelectAllWithinPre) {\\n\\","        return;\\n\\","    }\\n\\","    window.domOnEventSelectAllWithinPre = function (evt) {\\n\\","        var range;\\n\\","        var selection;\\n\\","        if (\\n\\","            evt\\n\\","            && evt.key === \"a\"\\n\\","            && (evt.ctrlKey || evt.metaKey)\\n\\","            && evt.target.closest(\\n\\","                \"pre\"\\n\\","            )\\n\\","        ) {\\n\\","            range = document.createRange();\\n\\","            range.selectNodeContents(evt.target.closest(\\n\\","                \"pre\"\\n\\","            ));\\n\\","            selection = window.getSelection();\\n\\","            selection.removeAllRanges();\\n\\","            selection.addRange(range);\\n\\","            evt.preventDefault();\\n\\","        }\\n\\","    };\\n\\","    // init event-handling\\n\\","    document.addEventListener(\\n\\","        \"keydown\",\\n\\","        window.domOnEventSelectAllWithinPre\\n\\","    );\\n\\","}());\\n\\","</script>\\n\\","<h1>\\n\\","<!-- utility2-comment\\n\\","    <a\\n\\","        {{#if env.npm_package_homepage}}\\n\\","        href=\"{{env.npm_package_homepage}}\"\\n\\","        {{/if env.npm_package_homepage}}\\n\\","        target=\"_blank\"\\n\\","    >\\n\\","utility2-comment -->\\n\\","        {{env.npm_package_name}} ({{env.npm_package_version}})\\n\\","<!-- utility2-comment\\n\\","    </a>\\n\\","utility2-comment -->\\n\\","</h1>\\n\\","<h3>{{env.npm_package_description}}</h3>\\n\\","<!-- utility2-comment\\n\\","<a class=\"button\" download href=\"assets.app.js\">download standalone app</a><br>\\n\\","<button class=\"button\" data-onevent=\"testRunBrowser\" id=\"testRunButton1\">run internal test</button><br>\\n\\","<div class=\"uiAnimateSlide\" id=\"testReportDiv1\" style=\"border-bottom: 0; border-top: 0; margin-bottom: 0; margin-top: 0; max-height: 0; padding-bottom: 0; padding-top: 0;\"></div>\\n\\","utility2-comment -->\\n\\","\\n\\","\\n\\","\\n\\","<label>stderr and stdout</label>\\n\\","<pre class=\"onevent-reset-output readonly textarea\" id=\"outputStdout1\" tabIndex=\"0\"></pre>\\n\\","<!-- utility2-comment\\n\\","{{#if isRollup}}\\n\\","<script src=\"assets.app.js\"></script>\\n\\","{{#unless isRollup}}\\n\\","utility2-comment -->\\n\\","<script src=\"assets.utility2.rollup.js\"></script>\\n\\","<script>window.utility2_onReadyBefore.counter += 1;</script>\\n\\","<script src=\"jsonp.utility2.stateInit?callback=window.utility2.stateInit\"></script>\\n\\","<script src=\"assets.puppeteer_lite.js\"></script>\\n\\","<script src=\"assets.example.js\"></script>\\n\\","<script src=\"assets.test.js\"></script>\\n\\","<script>window.utility2_onReadyBefore();</script>\\n\\","<!-- utility2-comment\\n\\","{{/if isRollup}}\\n\\","utility2-comment -->\\n\\","<div class=\"utility2FooterDiv\">\\n\\","    [ this app was created with\\n\\","    <a href=\"https://github.com/kaizhu256/node-utility2\" target=\"_blank\">utility2</a>\\n\\","    ]\\n\\","</div>\\n\\","</body>\\n\\","</html>\\n\\","';","/* jslint ignore:end */","/* validateLineSortedReset */","/* jslint ignore:start */","local.assetsDict[\"/assets.puppeteer_lite.js\"] =","    local.assetsDict[\"/assets.puppeteer_lite.js\"] ||","    local.fs.readFileSync(local.__dirname + \"/lib.puppeteer_lite.js\", \"utf8\"",").replace((/^#!\\//), \"// \");","/* jslint ignore:end */","/* validateLineSortedReset */","local.assetsDict[\"/\"] = local.assetsDict[","    \"/assets.index.template.html\"","].replace((","    /\\{\\{env\\.(\\w+?)\\}\\}/g","), function (match0, match1) {","    switch (match1) {","    case \"npm_package_description\":","        return \"the greatest app in the world!\";","    case \"npm_package_name\":","        return \"puppeteer-lite\";","    case \"npm_package_nameLib\":","        return \"puppeteer_lite\";","    case \"npm_package_version\":","        return \"0.0.1\";","    default:","        return match0;","    }","});","local.assetsDict[\"/assets.example.html\"] = local.assetsDict[\"/\"];","local.assetsDict[\"/index.html\"] = local.assetsDict[\"/\"];","// init cli","if (module !== require.main || globalThis.utility2_rollup) {","    return;","}","/* validateLineSortedReset */","local.assetsDict[\"/assets.example.js\"] = (","    local.assetsDict[\"/assets.example.js\"]","    || local.fs.readFileSync(__filename, \"utf8\")",");","local.assetsDict[\"/favicon.ico\"] = local.assetsDict[\"/favicon.ico\"] || \"\";","// if $npm_config_timeout_exit exists,","// then exit this process after $npm_config_timeout_exit ms","if (Number(process.env.npm_config_timeout_exit)) {","    setTimeout(process.exit, Number(process.env.npm_config_timeout_exit));","}","// start server","if (globalThis.utility2_serverHttp1) {","    return;","}","process.env.PORT = process.env.PORT || \"8081\";","console.error(\"http-server listening on port \" + process.env.PORT);","local.http.createServer(function (req, res) {","    req.urlParsed = local.url.parse(req.url);","    if (local.assetsDict[req.urlParsed.pathname] !== undefined) {","        res.end(local.assetsDict[req.urlParsed.pathname]);","        return;","    }","    res.statusCode = 404;","    res.end();","}).listen(process.env.PORT);","}());","}());"],"l":{"109":2,"111":2,"112":2,"114":2,"116":2,"117":1,"118":1,"123":1,"124":1,"126":1,"127":1,"128":1,"129":1,"131":1,"135":2,"136":2,"137":2,"139":2,"147":2,"151":1,"152":1,"153":1,"155":1,"171":1,"173":2,"179":1,"181":2,"185":1,"187":2,"191":1,"193":2,"199":1,"200":1,"201":1,"206":1,"209":1,"212":2,"213":1,"214":1,"215":1,"216":1,"217":1,"218":1,"219":1,"220":1,"221":1,"222":1,"223":1,"224":1,"225":1,"226":1,"227":1,"228":1,"229":1,"230":1,"231":1,"232":1,"233":1,"234":1,"235":1,"236":1,"237":1,"238":1,"239":1,"242":1,"247":2,"253":2,"255":2,"261":2,"268":2,"269":2,"270":1,"273":1,"274":2,"275":2,"276":2,"277":2,"280":2,"281":1,"283":2,"284":2,"285":4,"286":4,"288":4,"289":4,"298":4,"301":1,"302":1,"303":1,"304":1,"308":1,"318":1,"321":1,"327":1,"330":1,"333":1,"334":1,"337":1,"340":1,"341":1,"342":1,"345":1,"348":1,"354":1,"363":2,"364":2,"365":1,"368":1,"371":1,"372":1,"377":3,"378":3,"379":3,"380":1,"387":1,"844":1,"850":1,"855":6,"857":1,"859":2,"861":1,"863":2,"865":1,"868":1,"869":1,"871":1,"872":1,"875":1,"879":1,"882":1,"883":1,"886":1,"887":1,"889":1,"890":1,"891":1,"892":1,"893":1,"894":1,"895":1,"897":1,"898":1}}}